<?xml version="1.0" encoding="UTF-8"?>
<robot generator="Robot 7.3.2 (Python 3.14.0 on darwin)" generated="2025-11-15T17:54:16.375399" rpa="false" schemaversion="5">
<suite id="s1" name="Story Tests" source="/Users/leevipun/Documents/GitHub/outi-latex/src/story_tests">
<suite id="s1-s1" name="Fetch Ref Types" source="/Users/leevipun/Documents/GitHub/outi-latex/src/story_tests/fetch_ref_types.robot">
<kw name="Open Browser" owner="SeleniumLibrary" type="SETUP">
<msg time="2025-11-15T17:54:16.463539" level="INFO">Opening browser 'chrome' to base url 'http://127.0.0.1:5001'.</msg>
<arg>http://127.0.0.1:5001</arg>
<arg>chrome</arg>
<doc>Opens a new browser instance to the optional ``url``.</doc>
<status status="PASS" start="2025-11-15T17:54:16.463381" elapsed="0.942891"/>
</kw>
<test id="s1-s1-t1" name="User Can Select Book Reference Type" line="8">
<kw name="Go To" owner="SeleniumLibrary">
<msg time="2025-11-15T17:54:17.407357" level="INFO">Opening url 'http://127.0.0.1:5001'</msg>
<arg>http://127.0.0.1:5001</arg>
<doc>Navigates the current browser window to the provided ``url``.</doc>
<status status="PASS" start="2025-11-15T17:54:17.407225" elapsed="0.127689"/>
</kw>
<kw name="Select From List By Label" owner="SeleniumLibrary">
<msg time="2025-11-15T17:54:17.536055" level="INFO">Selecting options from selection list 'id:form' by label book.</msg>
<arg>id:form</arg>
<arg>book</arg>
<doc>Selects options from selection list ``locator`` by ``labels``.</doc>
<status status="PASS" start="2025-11-15T17:54:17.535419" elapsed="0.036989"/>
</kw>
<kw name="Click Button" owner="SeleniumLibrary">
<msg time="2025-11-15T17:54:17.572684" level="INFO">Clicking button 'id:add_new-button'.</msg>
<arg>id:add_new-button</arg>
<doc>Clicks the button identified by ``locator``.</doc>
<status status="PASS" start="2025-11-15T17:54:17.572560" elapsed="0.025285"/>
</kw>
<kw name="Sleep" owner="BuiltIn">
<msg time="2025-11-15T17:54:19.599778" level="INFO">Slept 2 seconds.</msg>
<arg>2s</arg>
<doc>Pauses the test executed for the given time.</doc>
<status status="PASS" start="2025-11-15T17:54:17.597996" elapsed="2.002061"/>
</kw>
<kw name="Location Should Contain" owner="SeleniumLibrary">
<msg time="2025-11-15T17:54:19.605767" level="INFO">Current location contains '/add'.</msg>
<arg>/add</arg>
<doc>Verifies that the current URL contains ``expected``.</doc>
<status status="PASS" start="2025-11-15T17:54:19.600577" elapsed="0.005381"/>
</kw>
<kw name="Location Should Contain" owner="SeleniumLibrary">
<msg time="2025-11-15T17:54:19.610028" level="INFO">Current location contains 'form=book'.</msg>
<arg>form=book</arg>
<doc>Verifies that the current URL contains ``expected``.</doc>
<status status="PASS" start="2025-11-15T17:54:19.606362" elapsed="0.003783"/>
</kw>
<kw name="Page Should Contain" owner="SeleniumLibrary">
<msg time="2025-11-15T17:54:19.622064" level="INFO">Current page contains text 'book -viite'.</msg>
<arg>book -viite</arg>
<doc>Verifies that current page contains ``text``.</doc>
<status status="PASS" start="2025-11-15T17:54:19.610392" elapsed="0.011814"/>
</kw>
<kw name="Page Should Contain" owner="SeleniumLibrary">
<msg time="2025-11-15T17:54:19.631331" level="INFO">Current page contains text 'Lisää uusi viite'.</msg>
<arg>Lisää uusi viite</arg>
<doc>Verifies that current page contains ``text``.</doc>
<status status="PASS" start="2025-11-15T17:54:19.622469" elapsed="0.008935"/>
</kw>
<kw name="Page Should Contain Element" owner="SeleniumLibrary">
<msg time="2025-11-15T17:54:19.636519" level="INFO">Current page contains element 'id:author/editor'.</msg>
<arg>id:author/editor</arg>
<doc>Verifies that element ``locator`` is found on the current page.</doc>
<status status="PASS" start="2025-11-15T17:54:19.631557" elapsed="0.005004"/>
</kw>
<kw name="Page Should Contain Element" owner="SeleniumLibrary">
<msg time="2025-11-15T17:54:19.642083" level="INFO">Current page contains element 'id:publisher'.</msg>
<arg>id:publisher</arg>
<doc>Verifies that element ``locator`` is found on the current page.</doc>
<status status="PASS" start="2025-11-15T17:54:19.636899" elapsed="0.005242"/>
</kw>
<doc>User selects "book" from dropdown and sees book form</doc>
<status status="PASS" start="2025-11-15T17:54:17.406717" elapsed="2.235589"/>
</test>
<test id="s1-s1-t2" name="User Can Select Article Reference Type" line="22">
<kw name="Go To" owner="SeleniumLibrary">
<msg time="2025-11-15T17:54:19.642861" level="INFO">Opening url 'http://127.0.0.1:5001'</msg>
<arg>http://127.0.0.1:5001</arg>
<doc>Navigates the current browser window to the provided ``url``.</doc>
<status status="PASS" start="2025-11-15T17:54:19.642788" elapsed="0.137643"/>
</kw>
<kw name="Select From List By Label" owner="SeleniumLibrary">
<msg time="2025-11-15T17:54:19.781221" level="INFO">Selecting options from selection list 'id:form' by label article.</msg>
<arg>id:form</arg>
<arg>article</arg>
<doc>Selects options from selection list ``locator`` by ``labels``.</doc>
<status status="PASS" start="2025-11-15T17:54:19.780704" elapsed="0.028953"/>
</kw>
<kw name="Click Button" owner="SeleniumLibrary">
<msg time="2025-11-15T17:54:19.809909" level="INFO">Clicking button '+ Lisää uusi viite'.</msg>
<arg>+ Lisää uusi viite</arg>
<doc>Clicks the button identified by ``locator``.</doc>
<status status="PASS" start="2025-11-15T17:54:19.809797" elapsed="0.024460"/>
</kw>
<kw name="Sleep" owner="BuiltIn">
<msg time="2025-11-15T17:54:21.835098" level="INFO">Slept 2 seconds.</msg>
<arg>2s</arg>
<doc>Pauses the test executed for the given time.</doc>
<status status="PASS" start="2025-11-15T17:54:19.834382" elapsed="2.000977"/>
</kw>
<kw name="Location Should Contain" owner="SeleniumLibrary">
<msg time="2025-11-15T17:54:21.841111" level="INFO">Current location contains '/add'.</msg>
<arg>/add</arg>
<doc>Verifies that the current URL contains ``expected``.</doc>
<status status="PASS" start="2025-11-15T17:54:21.835781" elapsed="0.005458"/>
</kw>
<kw name="Location Should Contain" owner="SeleniumLibrary">
<msg time="2025-11-15T17:54:21.844729" level="INFO">Current location contains 'form=article'.</msg>
<arg>form=article</arg>
<doc>Verifies that the current URL contains ``expected``.</doc>
<status status="PASS" start="2025-11-15T17:54:21.841511" elapsed="0.003338"/>
</kw>
<kw name="Page Should Contain" owner="SeleniumLibrary">
<msg time="2025-11-15T17:54:21.857155" level="INFO">Current page contains text 'article -viite'.</msg>
<arg>article -viite</arg>
<doc>Verifies that current page contains ``text``.</doc>
<status status="PASS" start="2025-11-15T17:54:21.845075" elapsed="0.012243"/>
</kw>
<kw name="Page Should Contain Element" owner="SeleniumLibrary">
<msg time="2025-11-15T17:54:21.865636" level="INFO">Current page contains element 'id:author'.</msg>
<arg>id:author</arg>
<doc>Verifies that element ``locator`` is found on the current page.</doc>
<status status="PASS" start="2025-11-15T17:54:21.857618" elapsed="0.008118"/>
</kw>
<kw name="Page Should Contain Element" owner="SeleniumLibrary">
<msg time="2025-11-15T17:54:21.872026" level="INFO">Current page contains element 'id:journal'.</msg>
<arg>id:journal</arg>
<doc>Verifies that element ``locator`` is found on the current page.</doc>
<status status="PASS" start="2025-11-15T17:54:21.865940" elapsed="0.006156"/>
</kw>
<doc>User selects "article" from dropdown and sees article form</doc>
<status status="PASS" start="2025-11-15T17:54:19.642542" elapsed="2.230062"/>
</test>
<test id="s1-s1-t3" name="User Can Select Inproceedings Reference Type" line="35">
<kw name="Go To" owner="SeleniumLibrary">
<msg time="2025-11-15T17:54:21.873335" level="INFO">Opening url 'http://127.0.0.1:5001'</msg>
<arg>http://127.0.0.1:5001</arg>
<doc>Navigates the current browser window to the provided ``url``.</doc>
<status status="PASS" start="2025-11-15T17:54:21.873229" elapsed="0.164089"/>
</kw>
<kw name="Select From List By Label" owner="SeleniumLibrary">
<msg time="2025-11-15T17:54:22.037758" level="INFO">Selecting options from selection list 'id:form' by label inproceedings.</msg>
<arg>id:form</arg>
<arg>inproceedings</arg>
<doc>Selects options from selection list ``locator`` by ``labels``.</doc>
<status status="PASS" start="2025-11-15T17:54:22.037552" elapsed="0.036639"/>
</kw>
<kw name="Click Button" owner="SeleniumLibrary">
<msg time="2025-11-15T17:54:22.074461" level="INFO">Clicking button '+ Lisää uusi viite'.</msg>
<arg>+ Lisää uusi viite</arg>
<doc>Clicks the button identified by ``locator``.</doc>
<status status="PASS" start="2025-11-15T17:54:22.074351" elapsed="0.020639"/>
</kw>
<kw name="Sleep" owner="BuiltIn">
<msg time="2025-11-15T17:54:24.096544" level="INFO">Slept 2 seconds.</msg>
<arg>2s</arg>
<doc>Pauses the test executed for the given time.</doc>
<status status="PASS" start="2025-11-15T17:54:22.095110" elapsed="2.001743"/>
</kw>
<kw name="Location Should Contain" owner="SeleniumLibrary">
<msg time="2025-11-15T17:54:24.103762" level="INFO">Current location contains '/add'.</msg>
<arg>/add</arg>
<doc>Verifies that the current URL contains ``expected``.</doc>
<status status="PASS" start="2025-11-15T17:54:24.097406" elapsed="0.006548"/>
</kw>
<kw name="Location Should Contain" owner="SeleniumLibrary">
<msg time="2025-11-15T17:54:24.107962" level="INFO">Current location contains 'form=inproceedings'.</msg>
<arg>form=inproceedings</arg>
<doc>Verifies that the current URL contains ``expected``.</doc>
<status status="PASS" start="2025-11-15T17:54:24.104340" elapsed="0.003757"/>
</kw>
<kw name="Page Should Contain" owner="SeleniumLibrary">
<msg time="2025-11-15T17:54:24.119927" level="INFO">Current page contains text 'inproceedings -viite'.</msg>
<arg>inproceedings -viite</arg>
<doc>Verifies that current page contains ``text``.</doc>
<status status="PASS" start="2025-11-15T17:54:24.108427" elapsed="0.011630"/>
</kw>
<kw name="Page Should Contain Element" owner="SeleniumLibrary">
<msg time="2025-11-15T17:54:24.125009" level="INFO">Current page contains element 'id:author'.</msg>
<arg>id:author</arg>
<doc>Verifies that element ``locator`` is found on the current page.</doc>
<status status="PASS" start="2025-11-15T17:54:24.120322" elapsed="0.004768"/>
</kw>
<kw name="Page Should Contain Element" owner="SeleniumLibrary">
<msg time="2025-11-15T17:54:24.132274" level="INFO">Current page contains element 'id:booktitle'.</msg>
<arg>id:booktitle</arg>
<doc>Verifies that element ``locator`` is found on the current page.</doc>
<status status="PASS" start="2025-11-15T17:54:24.125332" elapsed="0.007010"/>
</kw>
<doc>User selects "inproceedings" and sees inproceedings form</doc>
<status status="PASS" start="2025-11-15T17:54:21.872887" elapsed="2.259617"/>
</test>
<test id="s1-s1-t4" name="User Can Switch Between Reference Types" line="48">
<kw name="Go To" owner="SeleniumLibrary">
<msg time="2025-11-15T17:54:24.132981" level="INFO">Opening url 'http://127.0.0.1:5001'</msg>
<arg>http://127.0.0.1:5001</arg>
<doc>Navigates the current browser window to the provided ``url``.</doc>
<status status="PASS" start="2025-11-15T17:54:24.132898" elapsed="0.151081"/>
</kw>
<kw name="Select From List By Label" owner="SeleniumLibrary">
<msg time="2025-11-15T17:54:24.284443" level="INFO">Selecting options from selection list 'id:form' by label article.</msg>
<arg>id:form</arg>
<arg>article</arg>
<doc>Selects options from selection list ``locator`` by ``labels``.</doc>
<status status="PASS" start="2025-11-15T17:54:24.284231" elapsed="0.027008"/>
</kw>
<kw name="Click Button" owner="SeleniumLibrary">
<msg time="2025-11-15T17:54:24.311512" level="INFO">Clicking button '+ Lisää uusi viite'.</msg>
<arg>+ Lisää uusi viite</arg>
<doc>Clicks the button identified by ``locator``.</doc>
<status status="PASS" start="2025-11-15T17:54:24.311390" elapsed="0.025931"/>
</kw>
<kw name="Sleep" owner="BuiltIn">
<msg time="2025-11-15T17:54:26.340239" level="INFO">Slept 2 seconds.</msg>
<arg>2s</arg>
<doc>Pauses the test executed for the given time.</doc>
<status status="PASS" start="2025-11-15T17:54:24.337696" elapsed="2.002862"/>
</kw>
<kw name="Page Should Contain" owner="SeleniumLibrary">
<msg time="2025-11-15T17:54:26.352992" level="INFO">Current page contains text 'article -viite'.</msg>
<arg>article -viite</arg>
<doc>Verifies that current page contains ``text``.</doc>
<status status="PASS" start="2025-11-15T17:54:26.341118" elapsed="0.012061"/>
</kw>
<kw name="Click Link" owner="SeleniumLibrary">
<msg time="2025-11-15T17:54:26.353958" level="INFO">Clicking link '← Takaisin etusivulle'.</msg>
<arg>← Takaisin etusivulle</arg>
<doc>Clicks a link identified by ``locator``.</doc>
<status status="PASS" start="2025-11-15T17:54:26.353588" elapsed="0.183240"/>
</kw>
<kw name="Sleep" owner="BuiltIn">
<msg time="2025-11-15T17:54:28.539745" level="INFO">Slept 2 seconds.</msg>
<arg>2s</arg>
<doc>Pauses the test executed for the given time.</doc>
<status status="PASS" start="2025-11-15T17:54:26.537010" elapsed="2.002854"/>
</kw>
<kw name="Location Should Be" owner="SeleniumLibrary">
<msg time="2025-11-15T17:54:28.542781" level="INFO">Current location is 'http://127.0.0.1:5001/'.</msg>
<arg>http://127.0.0.1:5001/</arg>
<doc>Verifies that the current URL is exactly ``url``.</doc>
<status status="PASS" start="2025-11-15T17:54:28.540045" elapsed="0.002792"/>
</kw>
<kw name="Select From List By Label" owner="SeleniumLibrary">
<msg time="2025-11-15T17:54:28.543106" level="INFO">Selecting options from selection list 'id:form' by label book.</msg>
<arg>id:form</arg>
<arg>book</arg>
<doc>Selects options from selection list ``locator`` by ``labels``.</doc>
<status status="PASS" start="2025-11-15T17:54:28.542968" elapsed="0.030936"/>
</kw>
<kw name="Click Button" owner="SeleniumLibrary">
<msg time="2025-11-15T17:54:28.574182" level="INFO">Clicking button '+ Lisää uusi viite'.</msg>
<arg>+ Lisää uusi viite</arg>
<doc>Clicks the button identified by ``locator``.</doc>
<status status="PASS" start="2025-11-15T17:54:28.574065" elapsed="0.025452"/>
</kw>
<kw name="Sleep" owner="BuiltIn">
<msg time="2025-11-15T17:54:30.601219" level="INFO">Slept 2 seconds.</msg>
<arg>2s</arg>
<doc>Pauses the test executed for the given time.</doc>
<status status="PASS" start="2025-11-15T17:54:28.599802" elapsed="2.001650"/>
</kw>
<kw name="Page Should Contain" owner="SeleniumLibrary">
<msg time="2025-11-15T17:54:30.612149" level="INFO">Current page contains text 'book -viite'.</msg>
<arg>book -viite</arg>
<doc>Verifies that current page contains ``text``.</doc>
<status status="PASS" start="2025-11-15T17:54:30.601859" elapsed="0.010461"/>
</kw>
<doc>User can go back and select a different reference type</doc>
<status status="PASS" start="2025-11-15T17:54:24.132646" elapsed="6.479975"/>
</test>
<kw name="Close Browser" owner="SeleniumLibrary" type="TEARDOWN">
<doc>Closes the current browser.</doc>
<status status="PASS" start="2025-11-15T17:54:30.613546" elapsed="0.077645"/>
</kw>
<doc>User Story: As a user, I can choose reference type (book, article...)</doc>
<status status="PASS" start="2025-11-15T17:54:16.387044" elapsed="14.304211"/>
</suite>
<suite id="s1-s2" name="Form Is Shown" source="/Users/leevipun/Documents/GitHub/outi-latex/src/story_tests/form_is_shown.robot">
<kw name="Open Browser" owner="SeleniumLibrary" type="SETUP">
<msg time="2025-11-15T17:54:30.692586" level="INFO">Opening browser 'chrome' to base url 'http://127.0.0.1:5001'.</msg>
<arg>http://127.0.0.1:5001</arg>
<arg>chrome</arg>
<doc>Opens a new browser instance to the optional ``url``.</doc>
<status status="PASS" start="2025-11-15T17:54:30.692508" elapsed="0.789976"/>
</kw>
<test id="s1-s2-t1" name="User Sees Form After Selecting Reference Type" line="8">
<kw name="Go To" owner="SeleniumLibrary">
<msg time="2025-11-15T17:54:31.483420" level="INFO">Opening url 'http://127.0.0.1:5001'</msg>
<arg>http://127.0.0.1:5001</arg>
<doc>Navigates the current browser window to the provided ``url``.</doc>
<status status="PASS" start="2025-11-15T17:54:31.483313" elapsed="0.131247"/>
</kw>
<kw name="Select From List By Label" owner="SeleniumLibrary">
<msg time="2025-11-15T17:54:31.614940" level="INFO">Selecting options from selection list 'id:form' by label article.</msg>
<arg>id:form</arg>
<arg>article</arg>
<doc>Selects options from selection list ``locator`` by ``labels``.</doc>
<status status="PASS" start="2025-11-15T17:54:31.614745" elapsed="0.027605"/>
</kw>
<kw name="Click Button" owner="SeleniumLibrary">
<msg time="2025-11-15T17:54:31.642615" level="INFO">Clicking button '+ Lisää uusi viite'.</msg>
<arg>+ Lisää uusi viite</arg>
<doc>Clicks the button identified by ``locator``.</doc>
<status status="PASS" start="2025-11-15T17:54:31.642514" elapsed="0.026131"/>
</kw>
<kw name="Sleep" owner="BuiltIn">
<msg time="2025-11-15T17:54:33.669324" level="INFO">Slept 2 seconds.</msg>
<arg>2s</arg>
<doc>Pauses the test executed for the given time.</doc>
<status status="PASS" start="2025-11-15T17:54:31.668778" elapsed="2.000795"/>
</kw>
<kw name="Location Should Contain" owner="SeleniumLibrary">
<msg time="2025-11-15T17:54:33.675532" level="INFO">Current location contains 'http://127.0.0.1:5001/add'.</msg>
<arg>http://127.0.0.1:5001/add</arg>
<doc>Verifies that the current URL contains ``expected``.</doc>
<status status="PASS" start="2025-11-15T17:54:33.669989" elapsed="0.005711"/>
</kw>
<kw name="Location Should Contain" owner="SeleniumLibrary">
<msg time="2025-11-15T17:54:33.679915" level="INFO">Current location contains 'form=article'.</msg>
<arg>form=article</arg>
<doc>Verifies that the current URL contains ``expected``.</doc>
<status status="PASS" start="2025-11-15T17:54:33.676038" elapsed="0.004005"/>
</kw>
<kw name="Page Should Contain" owner="SeleniumLibrary">
<msg time="2025-11-15T17:54:33.693952" level="INFO">Current page contains text 'Lisää uusi viite'.</msg>
<arg>Lisää uusi viite</arg>
<doc>Verifies that current page contains ``text``.</doc>
<status status="PASS" start="2025-11-15T17:54:33.680352" elapsed="0.013753"/>
</kw>
<kw name="Page Should Contain" owner="SeleniumLibrary">
<msg time="2025-11-15T17:54:33.704481" level="INFO">Current page contains text 'article -viite'.</msg>
<arg>article -viite</arg>
<doc>Verifies that current page contains ``text``.</doc>
<status status="PASS" start="2025-11-15T17:54:33.694402" elapsed="0.010186"/>
</kw>
<kw name="Page Should Contain Element" owner="SeleniumLibrary">
<msg time="2025-11-15T17:54:33.710817" level="INFO">Current page contains element 'id:author'.</msg>
<arg>id:author</arg>
<doc>Verifies that element ``locator`` is found on the current page.</doc>
<status status="PASS" start="2025-11-15T17:54:33.705000" elapsed="0.005872"/>
</kw>
<kw name="Page Should Contain Element" owner="SeleniumLibrary">
<msg time="2025-11-15T17:54:33.716116" level="INFO">Current page contains element 'id:cite_key'.</msg>
<arg>id:cite_key</arg>
<doc>Verifies that element ``locator`` is found on the current page.</doc>
<status status="PASS" start="2025-11-15T17:54:33.711015" elapsed="0.005152"/>
</kw>
<kw name="Go Back" owner="SeleniumLibrary">
<doc>Simulates the user clicking the back button on their browser.</doc>
<status status="PASS" start="2025-11-15T17:54:33.716284" elapsed="0.006096"/>
</kw>
<doc>Verify that selecting a reference type displays the correct form</doc>
<status status="PASS" start="2025-11-15T17:54:31.482718" elapsed="2.239811"/>
</test>
<test id="s1-s2-t2" name="User Sees Right Input Fields For Article" line="22">
<kw name="Go To" owner="SeleniumLibrary">
<msg time="2025-11-15T17:54:33.723188" level="INFO">Opening url 'http://127.0.0.1:5001/add?form=article'</msg>
<arg>http://127.0.0.1:5001/add?form=article</arg>
<doc>Navigates the current browser window to the provided ``url``.</doc>
<status status="PASS" start="2025-11-15T17:54:33.723072" elapsed="0.018354"/>
</kw>
<kw name="Page Should Contain Element" owner="SeleniumLibrary">
<msg time="2025-11-15T17:54:33.744120" level="INFO">Current page contains element 'id:cite_key'.</msg>
<arg>id:cite_key</arg>
<doc>Verifies that element ``locator`` is found on the current page.</doc>
<status status="PASS" start="2025-11-15T17:54:33.741555" elapsed="0.002596"/>
</kw>
<kw name="Page Should Contain Element" owner="SeleniumLibrary">
<msg time="2025-11-15T17:54:33.746250" level="INFO">Current page contains element 'id:author'.</msg>
<arg>id:author</arg>
<doc>Verifies that element ``locator`` is found on the current page.</doc>
<status status="PASS" start="2025-11-15T17:54:33.744227" elapsed="0.002047"/>
</kw>
<kw name="Page Should Contain Element" owner="SeleniumLibrary">
<msg time="2025-11-15T17:54:33.750223" level="INFO">Current page contains element 'id:title'.</msg>
<arg>id:title</arg>
<doc>Verifies that element ``locator`` is found on the current page.</doc>
<status status="PASS" start="2025-11-15T17:54:33.746334" elapsed="0.003945"/>
</kw>
<kw name="Page Should Contain Element" owner="SeleniumLibrary">
<msg time="2025-11-15T17:54:33.754204" level="INFO">Current page contains element 'id:journal'.</msg>
<arg>id:journal</arg>
<doc>Verifies that element ``locator`` is found on the current page.</doc>
<status status="PASS" start="2025-11-15T17:54:33.750425" elapsed="0.003817"/>
</kw>
<kw name="Page Should Contain Element" owner="SeleniumLibrary">
<msg time="2025-11-15T17:54:33.757743" level="INFO">Current page contains element 'id:year'.</msg>
<arg>id:year</arg>
<doc>Verifies that element ``locator`` is found on the current page.</doc>
<status status="PASS" start="2025-11-15T17:54:33.754325" elapsed="0.003445"/>
</kw>
<kw name="Page Should Contain Element" owner="SeleniumLibrary">
<msg time="2025-11-15T17:54:33.761230" level="INFO">Current page contains element 'id:volume'.</msg>
<arg>id:volume</arg>
<doc>Verifies that element ``locator`` is found on the current page.</doc>
<status status="PASS" start="2025-11-15T17:54:33.757840" elapsed="0.003413"/>
</kw>
<kw name="Page Should Contain Element" owner="SeleniumLibrary">
<msg time="2025-11-15T17:54:33.764490" level="INFO">Current page contains element 'id:number'.</msg>
<arg>id:number</arg>
<doc>Verifies that element ``locator`` is found on the current page.</doc>
<status status="PASS" start="2025-11-15T17:54:33.761317" elapsed="0.003196"/>
</kw>
<kw name="Page Should Contain Element" owner="SeleniumLibrary">
<msg time="2025-11-15T17:54:33.767947" level="INFO">Current page contains element 'id:pages'.</msg>
<arg>id:pages</arg>
<doc>Verifies that element ``locator`` is found on the current page.</doc>
<status status="PASS" start="2025-11-15T17:54:33.764574" elapsed="0.003429"/>
</kw>
<kw name="Page Should Contain Element" owner="SeleniumLibrary">
<msg time="2025-11-15T17:54:33.771559" level="INFO">Current page contains element 'id:doi'.</msg>
<arg>id:doi</arg>
<doc>Verifies that element ``locator`` is found on the current page.</doc>
<status status="PASS" start="2025-11-15T17:54:33.768108" elapsed="0.003477"/>
</kw>
<kw name="Page Should Contain Element" owner="SeleniumLibrary">
<msg time="2025-11-15T17:54:33.774646" level="INFO">Current page contains element 'id:publisher'.</msg>
<arg>id:publisher</arg>
<doc>Verifies that element ``locator`` is found on the current page.</doc>
<status status="PASS" start="2025-11-15T17:54:33.771652" elapsed="0.003017"/>
</kw>
<doc>Verify that the article form has the correct input fields</doc>
<status status="PASS" start="2025-11-15T17:54:33.722758" elapsed="0.051987"/>
</test>
<kw name="Close Browser" owner="SeleniumLibrary" type="TEARDOWN">
<doc>Closes the current browser.</doc>
<status status="PASS" start="2025-11-15T17:54:33.774927" elapsed="0.072019"/>
</kw>
<doc>User Story: As a user, I see the right form</doc>
<status status="PASS" start="2025-11-15T17:54:30.691607" elapsed="3.155385"/>
</suite>
<suite id="s1-s3" name="References Are Saved" source="/Users/leevipun/Documents/GitHub/outi-latex/src/story_tests/references_are_saved.robot">
<kw name="Open Browser" owner="SeleniumLibrary" type="SETUP">
<msg time="2025-11-15T17:54:33.848247" level="INFO">Opening browser 'chrome' to base url 'http://127.0.0.1:5001'.</msg>
<arg>http://127.0.0.1:5001</arg>
<arg>chrome</arg>
<doc>Opens a new browser instance to the optional ``url``.</doc>
<status status="PASS" start="2025-11-15T17:54:33.848171" elapsed="0.719799"/>
</kw>
<test id="s1-s3-t1" name="User Can Save Reference" line="8">
<kw name="Go To" owner="SeleniumLibrary">
<msg time="2025-11-15T17:54:34.568734" level="INFO">Opening url 'http://127.0.0.1:5001'</msg>
<arg>http://127.0.0.1:5001</arg>
<doc>Navigates the current browser window to the provided ``url``.</doc>
<status status="PASS" start="2025-11-15T17:54:34.568638" elapsed="0.140955"/>
</kw>
<kw name="Select From List By Label" owner="SeleniumLibrary">
<msg time="2025-11-15T17:54:34.709974" level="INFO">Selecting options from selection list 'id:form' by label article.</msg>
<arg>id:form</arg>
<arg>article</arg>
<doc>Selects options from selection list ``locator`` by ``labels``.</doc>
<status status="PASS" start="2025-11-15T17:54:34.709790" elapsed="0.029779"/>
</kw>
<kw name="Click Button" owner="SeleniumLibrary">
<msg time="2025-11-15T17:54:34.739813" level="INFO">Clicking button '+ Lisää uusi viite'.</msg>
<arg>+ Lisää uusi viite</arg>
<doc>Clicks the button identified by ``locator``.</doc>
<status status="PASS" start="2025-11-15T17:54:34.739705" elapsed="0.040392"/>
</kw>
<kw name="Sleep" owner="BuiltIn">
<msg time="2025-11-15T17:54:36.781225" level="INFO">Slept 2 seconds.</msg>
<arg>2s</arg>
<doc>Pauses the test executed for the given time.</doc>
<status status="PASS" start="2025-11-15T17:54:34.780226" elapsed="2.001247"/>
</kw>
<kw name="Location Should Contain" owner="SeleniumLibrary">
<msg time="2025-11-15T17:54:36.787068" level="INFO">Current location contains 'http://127.0.0.1:5001/add'.</msg>
<arg>http://127.0.0.1:5001/add</arg>
<doc>Verifies that the current URL contains ``expected``.</doc>
<status status="PASS" start="2025-11-15T17:54:36.781903" elapsed="0.005423"/>
</kw>
<kw name="Location Should Contain" owner="SeleniumLibrary">
<msg time="2025-11-15T17:54:36.791240" level="INFO">Current location contains 'form=article'.</msg>
<arg>form=article</arg>
<doc>Verifies that the current URL contains ``expected``.</doc>
<status status="PASS" start="2025-11-15T17:54:36.787784" elapsed="0.003545"/>
</kw>
<kw name="Input Text" owner="SeleniumLibrary">
<msg time="2025-11-15T17:54:36.791782" level="INFO">Typing text 'TestArticle2024' into text field 'id:cite_key'.</msg>
<arg>id:cite_key</arg>
<arg>TestArticle2024</arg>
<doc>Types the given ``text`` into the text field identified by ``locator``.</doc>
<status status="PASS" start="2025-11-15T17:54:36.791526" elapsed="0.077226"/>
</kw>
<kw name="Input Text" owner="SeleniumLibrary">
<msg time="2025-11-15T17:54:36.868992" level="INFO">Typing text 'John Doe' into text field 'id:author'.</msg>
<arg>id:author</arg>
<arg>John Doe</arg>
<doc>Types the given ``text`` into the text field identified by ``locator``.</doc>
<status status="PASS" start="2025-11-15T17:54:36.868888" elapsed="0.022742"/>
</kw>
<kw name="Input Text" owner="SeleniumLibrary">
<msg time="2025-11-15T17:54:36.891855" level="INFO">Typing text 'Sample Article Title' into text field 'id:title'.</msg>
<arg>id:title</arg>
<arg>Sample Article Title</arg>
<doc>Types the given ``text`` into the text field identified by ``locator``.</doc>
<status status="PASS" start="2025-11-15T17:54:36.891753" elapsed="0.022703"/>
</kw>
<kw name="Input Text" owner="SeleniumLibrary">
<msg time="2025-11-15T17:54:36.914705" level="INFO">Typing text 'Journal of Testing' into text field 'id:journal'.</msg>
<arg>id:journal</arg>
<arg>Journal of Testing</arg>
<doc>Types the given ``text`` into the text field identified by ``locator``.</doc>
<status status="PASS" start="2025-11-15T17:54:36.914599" elapsed="0.028442"/>
</kw>
<kw name="Input Text" owner="SeleniumLibrary">
<msg time="2025-11-15T17:54:36.943295" level="INFO">Typing text '2024' into text field 'id:year'.</msg>
<arg>id:year</arg>
<arg>2024</arg>
<doc>Types the given ``text`` into the text field identified by ``locator``.</doc>
<status status="PASS" start="2025-11-15T17:54:36.943184" elapsed="0.026306"/>
</kw>
<kw name="Input Text" owner="SeleniumLibrary">
<msg time="2025-11-15T17:54:36.969755" level="INFO">Typing text '10' into text field 'id:volume'.</msg>
<arg>id:volume</arg>
<arg>10</arg>
<doc>Types the given ``text`` into the text field identified by ``locator``.</doc>
<status status="PASS" start="2025-11-15T17:54:36.969639" elapsed="0.020249"/>
</kw>
<kw name="Input Text" owner="SeleniumLibrary">
<msg time="2025-11-15T17:54:36.990113" level="INFO">Typing text '2' into text field 'id:number'.</msg>
<arg>id:number</arg>
<arg>2</arg>
<doc>Types the given ``text`` into the text field identified by ``locator``.</doc>
<status status="PASS" start="2025-11-15T17:54:36.990011" elapsed="0.019864"/>
</kw>
<kw name="Input Text" owner="SeleniumLibrary">
<msg time="2025-11-15T17:54:37.010103" level="INFO">Typing text '100-110' into text field 'id:pages'.</msg>
<arg>id:pages</arg>
<arg>100-110</arg>
<doc>Types the given ``text`` into the text field identified by ``locator``.</doc>
<status status="PASS" start="2025-11-15T17:54:37.009996" elapsed="0.021967"/>
</kw>
<kw name="Input Text" owner="SeleniumLibrary">
<msg time="2025-11-15T17:54:37.032197" level="INFO">Typing text 'Testing Publishers' into text field 'id:publisher'.</msg>
<arg>id:publisher</arg>
<arg>Testing Publishers</arg>
<doc>Types the given ``text`` into the text field identified by ``locator``.</doc>
<status status="PASS" start="2025-11-15T17:54:37.032091" elapsed="0.023054"/>
</kw>
<kw name="Click Button" owner="SeleniumLibrary">
<msg time="2025-11-15T17:54:37.055367" level="INFO">Clicking button 'Tallenna viite'.</msg>
<arg>Tallenna viite</arg>
<doc>Clicks the button identified by ``locator``.</doc>
<status status="PASS" start="2025-11-15T17:54:37.055267" elapsed="0.022145"/>
</kw>
<kw name="Sleep" owner="BuiltIn">
<msg time="2025-11-15T17:54:39.078227" level="INFO">Slept 2 seconds.</msg>
<arg>2s</arg>
<doc>Pauses the test executed for the given time.</doc>
<status status="PASS" start="2025-11-15T17:54:37.077545" elapsed="2.000863"/>
</kw>
<kw name="Location Should Be" owner="SeleniumLibrary">
<msg time="2025-11-15T17:54:39.195825" level="INFO" html="true">&lt;/td&gt;&lt;/tr&gt;&lt;tr&gt;&lt;td colspan="3"&gt;&lt;a href="selenium-screenshot-6.png"&gt;&lt;img src="selenium-screenshot-6.png" width="800px"&gt;&lt;/a&gt;</msg>
<msg time="2025-11-15T17:54:39.195958" level="FAIL">Location should have been 'http://127.0.0.1:5001/all' but was 'http://127.0.0.1:5001/add?form=article'.</msg>
<arg>http://127.0.0.1:5001/all</arg>
<doc>Verifies that the current URL is exactly ``url``.</doc>
<status status="FAIL" start="2025-11-15T17:54:39.078751" elapsed="0.118798">Location should have been 'http://127.0.0.1:5001/all' but was 'http://127.0.0.1:5001/add?form=article'.</status>
</kw>
<kw name="Page Should Contain" owner="SeleniumLibrary">
<arg>John Doe</arg>
<doc>Verifies that current page contains ``text``.</doc>
<status status="NOT RUN" start="2025-11-15T17:54:39.197675" elapsed="0.000023"/>
</kw>
<kw name="Page Should Contain" owner="SeleniumLibrary">
<arg>Sample Article Title</arg>
<doc>Verifies that current page contains ``text``.</doc>
<status status="NOT RUN" start="2025-11-15T17:54:39.197757" elapsed="0.000012"/>
</kw>
<kw name="Page Should Contain" owner="SeleniumLibrary">
<arg>Journal of Testing</arg>
<doc>Verifies that current page contains ``text``.</doc>
<status status="NOT RUN" start="2025-11-15T17:54:39.197813" elapsed="0.000010"/>
</kw>
<kw name="Page Should Contain" owner="SeleniumLibrary">
<arg>2024</arg>
<doc>Verifies that current page contains ``text``.</doc>
<status status="NOT RUN" start="2025-11-15T17:54:39.197863" elapsed="0.000011"/>
</kw>
<doc>Verify that a user can save a reference and it is stored correctly</doc>
<status status="FAIL" start="2025-11-15T17:54:34.568268" elapsed="4.629720">Location should have been 'http://127.0.0.1:5001/all' but was 'http://127.0.0.1:5001/add?form=article'.</status>
</test>
<kw name="Close Browser" owner="SeleniumLibrary" type="TEARDOWN">
<doc>Closes the current browser.</doc>
<status status="PASS" start="2025-11-15T17:54:39.198151" elapsed="0.072244"/>
</kw>
<doc>User Story: As a user, I can save a reference</doc>
<status status="FAIL" start="2025-11-15T17:54:33.847286" elapsed="5.423168"/>
</suite>
<suite id="s1-s4" name="User Can See All Refs" source="/Users/leevipun/Documents/GitHub/outi-latex/src/story_tests/user_can_see_all_refs.robot">
<kw name="Open Browser" owner="SeleniumLibrary" type="SETUP">
<msg time="2025-11-15T17:54:39.271690" level="INFO">Opening browser 'chrome' to base url 'http://127.0.0.1:5001'.</msg>
<arg>http://127.0.0.1:5001</arg>
<arg>chrome</arg>
<doc>Opens a new browser instance to the optional ``url``.</doc>
<status status="PASS" start="2025-11-15T17:54:39.271605" elapsed="0.784166"/>
</kw>
<test id="s1-s4-t1" name="User Can See All Added References" line="9">
<kw name="Go To" owner="SeleniumLibrary">
<msg time="2025-11-15T17:54:40.056547" level="INFO">Opening url 'http://127.0.0.1:5001/all'</msg>
<arg>http://127.0.0.1:5001/all</arg>
<doc>Navigates the current browser window to the provided ``url``.</doc>
<status status="PASS" start="2025-11-15T17:54:40.056453" elapsed="0.138608"/>
</kw>
<kw name="Page Should Contain" owner="SeleniumLibrary">
<msg time="2025-11-15T17:54:40.202904" level="INFO">Current page contains text 'Tässä kaikki lisäämäsi viitteet'.</msg>
<arg>Tässä kaikki lisäämäsi viitteet</arg>
<doc>Verifies that current page contains ``text``.</doc>
<status status="PASS" start="2025-11-15T17:54:40.195256" elapsed="0.007702"/>
</kw>
<kw name="Element Should Be Visible" owner="SeleniumLibrary">
<msg time="2025-11-15T17:54:40.212829" level="INFO">Element 'xpath://a[contains(text(), 'Etusivu')]' is displayed.</msg>
<arg>xpath://a[contains(text(), 'Etusivu')]</arg>
<doc>Verifies that the element identified by ``locator`` is visible.</doc>
<status status="PASS" start="2025-11-15T17:54:40.203156" elapsed="0.009729"/>
</kw>
<doc>Verify that the all references page displays all added references</doc>
<status status="PASS" start="2025-11-15T17:54:40.056058" elapsed="0.156943"/>
</test>
<test id="s1-s4-t2" name="User Can See Added Article Reference" line="16">
<kw name="Go To" owner="SeleniumLibrary">
<msg time="2025-11-15T17:54:40.213358" level="INFO">Opening url 'http://127.0.0.1:5001/all'</msg>
<arg>http://127.0.0.1:5001/all</arg>
<doc>Navigates the current browser window to the provided ``url``.</doc>
<status status="PASS" start="2025-11-15T17:54:40.213298" elapsed="0.134338"/>
</kw>
<kw name="Page Should Contain Element" owner="SeleniumLibrary">
<msg time="2025-11-15T17:54:40.355887" level="INFO">Current page contains element 'xpath://div[@class='reference-item']'.</msg>
<arg>xpath://div[@class='reference-item']</arg>
<doc>Verifies that element ``locator`` is found on the current page.</doc>
<status status="PASS" start="2025-11-15T17:54:40.347842" elapsed="0.008117"/>
</kw>
<kw name="Page Should Contain" owner="SeleniumLibrary">
<msg time="2025-11-15T17:54:40.362237" level="INFO">Current page contains text 'TestArticle2024'.</msg>
<arg>TestArticle2024</arg>
<doc>Verifies that current page contains ``text``.</doc>
<status status="PASS" start="2025-11-15T17:54:40.356123" elapsed="0.006167"/>
</kw>
<kw name="Page Should Contain" owner="SeleniumLibrary">
<msg time="2025-11-15T17:54:40.368404" level="INFO">Current page contains text 'article'.</msg>
<arg>article</arg>
<doc>Verifies that current page contains ``text``.</doc>
<status status="PASS" start="2025-11-15T17:54:40.362405" elapsed="0.006049"/>
</kw>
<doc>Verify that an added article reference is displayed correctly</doc>
<status status="PASS" start="2025-11-15T17:54:40.213111" elapsed="0.155458"/>
</test>
<kw name="Close Browser" owner="SeleniumLibrary" type="TEARDOWN">
<doc>Closes the current browser.</doc>
<status status="PASS" start="2025-11-15T17:54:40.368811" elapsed="0.068482"/>
</kw>
<doc>User Story: As a user, I can see all added references</doc>
<status status="PASS" start="2025-11-15T17:54:39.270737" elapsed="1.166630"/>
</suite>
<status status="FAIL" start="2025-11-15T17:54:16.376017" elapsed="24.061803"/>
</suite>
<statistics>
<total>
<stat pass="8" fail="1" skip="0">All Tests</stat>
</total>
<tag>
</tag>
<suite>
<stat name="Story Tests" id="s1" pass="8" fail="1" skip="0">Story Tests</stat>
<stat name="Fetch Ref Types" id="s1-s1" pass="4" fail="0" skip="0">Story Tests.Fetch Ref Types</stat>
<stat name="Form Is Shown" id="s1-s2" pass="2" fail="0" skip="0">Story Tests.Form Is Shown</stat>
<stat name="References Are Saved" id="s1-s3" pass="0" fail="1" skip="0">Story Tests.References Are Saved</stat>
<stat name="User Can See All Refs" id="s1-s4" pass="2" fail="0" skip="0">Story Tests.User Can See All Refs</stat>
</suite>
</statistics>
<errors>
</errors>
</robot>
